<?xml version="1.0" encoding="UTF-8"?>
<testsuite name="CalculatorTest" tests="4" skipped="0" failures="0" errors="0" timestamp="2017-10-25T08:19:30" hostname="mbp-de-saikou.ecam.be" time="0.002">
  <properties/>
  <testcase name="TestMult" classname="CalculatorTest" time="0.001"/>
  <testcase name="TestAdd" classname="CalculatorTest" time="0.0"/>
  <testcase name="TestDiv" classname="CalculatorTest" time="0.0"/>
  <testcase name="TestSub" classname="CalculatorTest" time="0.0"/>
  <system-out><![CDATA[]]></system-out>
  <system-err><![CDATA[]]></system-err>
</testsuite>
